Arguments: 
  C:\Program Files\nodejs\node.exe C:\Users\munawar\AppData\Roaming\npm\node_modules\yarn\bin\yarn.js init - y

PATH: 
  C:\Program Files (x86)\Common Files\Oracle\Java\javapath;C:\Windows\system32;C:\Program Files (x86)\VMware\VMware Workstation\bin\;C:\Windows;C:\Windows\System32\Wbem;C:\Windows\System32\WindowsPowerShell\v1.0\;C:\Windows\System32\OpenSSH\;C:\Program Files (x86)\NVIDIA Corporation\PhysX\Common;C:\xampp\php;C:\Users\munawar\Downloads\random download\flutter\bin;C:\Program Files\Dart\dart-sdk\bin;C:\Program Files\mingw-w64\x86_64-8.1.0-win32-seh-rt_v6-rev0\mingw64\bin;C:\Program Files\Git\cmd;C:\Program Files\Git\mingw64\bin;C:\Program Files\Git\usr\bin;C:\WINDOWS\system32;C:\WINDOWS;C:\WINDOWS\System32\Wbem;C:\WINDOWS\System32\WindowsPowerShell\v1.0\;C:\WINDOWS\System32\OpenSSH\;C:\ProgramData\chocolatey\bin;C:\composer;C:\php8;C:\Program Files\CMake\bin;C:\Users\munawar\AppData\Roaming\nvm;C:\Program Files\nodejs;C:\Users\munawar\AppData\Local\Pub\Cache\bin;C:\Program Files (x86)\Java\jre1.8.0_341\bin;C:\Program Fi;C:\Strawberry\c\bin;C:\Strawberry\perl\site\bin;C:\Strawberry\perl\bin;C:\Program Files\NVIDIA Corporation\NVIDIA NvDLISR;C:\Program Files\MySQL\MySQL Shell 8.0\bin\;C:\Users\munawar\AppData\Local\Programs\Microsoft VS Code\bin;C:\Users\munawar\AppData\Local\Microsoft\WindowsApps;C:\Users\munawar\Downloads\random download\flutter\bin;C:\Users\munawar\AppData\Local\Android\Sdk\cmdline-tools\latest\bin;C:\Program Files\JetBrains\IntelliJ IDEA Community Edition 2021.2\bin;C:\Users\munawar\Downloads\Programs;C:\Program Files\JetBrains\PyCharm Community Edition 2021.2.3\bin;C:\Users\munawar\AppData\Local\gitkraken\bin;C:\Users\munawar\Downloads\random download\flutter\.pub-cache\bin;C:\Program Files\heroku\bin;C:\Users\munawar\AppData\Roaming\Composer\vendor\bin;C:\Users\munawar\AppData\Roaming\npm;C:\Users\munawar\AppData\Roaming\nvm;C:\Program Files\nodejs;C:\Users\munawar\AppData\Local\Pub\Cache\bin;

Yarn version: 
  1.22.19

Node version: 
  16.16.0

Platform: 
  win32 x64

Trace: 
  Error: canceled
      at Interface.<anonymous> (C:\Users\munawar\AppData\Roaming\npm\node_modules\yarn\lib\cli.js:137150:13)
      at Interface.emit (node:events:527:28)
      at Interface._ttyWrite (node:readline:1081:16)
      at ReadStream.onkeypress (node:readline:288:10)
      at ReadStream.emit (node:events:527:28)
      at emitKeys (node:internal/readline/utils:358:14)
      at emitKeys.next (<anonymous>)
      at ReadStream.onData (node:internal/readline/emitKeypressEvents:61:36)
      at ReadStream.emit (node:events:527:28)
      at addChunk (node:internal/streams/readable:315:12)

npm manifest: 
  No manifest

yarn manifest: 
  No manifest

Lockfile: 
  No lockfile
